[debug] [2020-04-02T21:25:49.556Z] ----------------------------------------------------------------------
[debug] [2020-04-02T21:25:49.558Z] Command:       /Users/alanhutcheson/.nvm/versions/node/v13.5.0/bin/node /Users/alanhutcheson/.config/yarn/global/node_modules/.bin/firebase emulators:start --only functions
[debug] [2020-04-02T21:25:49.558Z] CLI Version:   7.12.1
[debug] [2020-04-02T21:25:49.558Z] Platform:      darwin
[debug] [2020-04-02T21:25:49.558Z] Node Version:  v13.5.0
[debug] [2020-04-02T21:25:49.559Z] Time:          Thu Apr 02 2020 22:25:49 GMT+0100 (British Summer Time)
[debug] [2020-04-02T21:25:49.559Z] ----------------------------------------------------------------------
[debug] [2020-04-02T21:25:49.559Z] 
[debug] [2020-04-02T21:25:49.565Z] > command requires scopes: ["email","openid","https://www.googleapis.com/auth/cloudplatformprojects.readonly","https://www.googleapis.com/auth/firebase","https://www.googleapis.com/auth/cloud-platform"]
[debug] [2020-04-02T21:25:49.565Z] > authorizing via signed-in user
[info] i  emulators: Starting emulators: functions
[warn] ⚠  Your requested "node" version "8" doesn't match your global version "13"
[info] ✔  functions: Emulator started at http://localhost:5001
[info] i  functions: Watching "/Users/alanhutcheson/Documents/www/personal-projects/phone-a-friend/functions" for Cloud Functions...
[debug] [2020-04-02T21:25:49.850Z] [worker-pool] addWorker(~diagnostic~)
[debug] [2020-04-02T21:25:49.850Z] [worker-pool] Adding worker with key ~diagnostic~, total=1
[debug] [2020-04-02T21:25:49.850Z] [worker-pool] submitWork(triggerId=)
[debug] [2020-04-02T21:25:49.851Z] [worker-~diagnostic~-f2045f81-2c0a-4575-8209-6df03a446269]: Assigning socketPath: /var/folders/t3/bmh25dvj5t98k81l11ycqwy80000gn/T/fire_emu_19512.sock
[debug] [2020-04-02T21:25:49.851Z] [worker-~diagnostic~-f2045f81-2c0a-4575-8209-6df03a446269]: BUSY
[debug] [2020-04-02T21:25:50.540Z] [runtime-status] [19512] Functions runtime initialized. {"cwd":"/Users/alanhutcheson/Documents/www/personal-projects/phone-a-friend/functions","node_version":"13.5.0"}
[debug] [2020-04-02T21:25:50.541Z] [runtime-status] [19512] Disabled runtime features: undefined
[debug] [2020-04-02T21:25:50.542Z] [runtime-status] [19512] Resolved module firebase-admin {"declared":true,"installed":true,"version":"8.10.0","resolution":"/Users/alanhutcheson/Documents/www/personal-projects/phone-a-friend/functions/node_modules/firebase-admin/lib/index.js"}
[debug] [2020-04-02T21:25:50.543Z] [runtime-status] [19512] Resolved module firebase-functions {"declared":true,"installed":true,"version":"3.6.0","resolution":"/Users/alanhutcheson/Documents/www/personal-projects/phone-a-friend/functions/node_modules/firebase-functions/lib/index.js"}
[debug] [2020-04-02T21:25:50.684Z] [runtime-status] [19512] Found google-gax at /Users/alanhutcheson/Documents/www/personal-projects/phone-a-friend/functions/node_modules/google-gax/build/src/index.js
[debug] [2020-04-02T21:25:50.684Z] [runtime-status] [19512] Outgoing network have been stubbed. [{"name":"http","status":"mocked"},{"name":"http","status":"mocked"},{"name":"https","status":"mocked"},{"name":"https","status":"mocked"},{"name":"net","status":"mocked"},{"name":"google-gax","status":"mocked"}]
[debug] [2020-04-02T21:25:50.716Z] [runtime-status] [19512] Checked functions.config() {"config":{}}
[debug] [2020-04-02T21:25:50.716Z] [runtime-status] [19512] Resolved module firebase-functions {"declared":true,"installed":true,"version":"3.6.0","resolution":"/Users/alanhutcheson/Documents/www/personal-projects/phone-a-friend/functions/node_modules/firebase-functions/lib/index.js"}
[debug] [2020-04-02T21:25:50.717Z] [runtime-status] [19512] Resolved module firebase-admin {"declared":true,"installed":true,"version":"8.10.0","resolution":"/Users/alanhutcheson/Documents/www/personal-projects/phone-a-friend/functions/node_modules/firebase-admin/lib/index.js"}
[debug] [2020-04-02T21:25:50.717Z] [runtime-status] [19512] Resolved module firebase-functions {"declared":true,"installed":true,"version":"3.6.0","resolution":"/Users/alanhutcheson/Documents/www/personal-projects/phone-a-friend/functions/node_modules/firebase-functions/lib/index.js"}
[debug] [2020-04-02T21:25:50.757Z] [runtime-status] [19512] firebase-admin has been stubbed. {"adminResolution":{"declared":true,"installed":true,"version":"8.10.0","resolution":"/Users/alanhutcheson/Documents/www/personal-projects/phone-a-friend/functions/node_modules/firebase-admin/lib/index.js"}}
[debug] [2020-04-02T21:25:50.758Z] [runtime-status] [19512] initializeApp(DEFAULT) {"databaseURL":"https://phoneafriend-dev.firebaseio.com","storageBucket":"phoneafriend-dev.appspot.com","projectId":"phoneafriend-dev"}
[warn] ⚠  Error: The default Firebase app already exists. This means you called initializeApp() more than once without providing an app name as the second argument. In most cases you only need to call initializeApp() once. But if you do want to initialize multiple apps, pass a second argument to initializeApp() to give each app a unique name.
    at FirebaseAppError.FirebaseError [as constructor] (/Users/alanhutcheson/Documents/www/personal-projects/phone-a-friend/functions/node_modules/firebase-admin/lib/utils/error.js:42:28)
    at FirebaseAppError.PrefixedFirebaseError [as constructor] (/Users/alanhutcheson/Documents/www/personal-projects/phone-a-friend/functions/node_modules/firebase-admin/lib/utils/error.js:88:28)
    at new FirebaseAppError (/Users/alanhutcheson/Documents/www/personal-projects/phone-a-friend/functions/node_modules/firebase-admin/lib/utils/error.js:123:28)
    at FirebaseNamespaceInternals.initializeApp (/Users/alanhutcheson/Documents/www/personal-projects/phone-a-friend/functions/node_modules/firebase-admin/lib/firebase-namespace.js:68:23)
    at FirebaseNamespace.initializeApp (/Users/alanhutcheson/Documents/www/personal-projects/phone-a-friend/functions/node_modules/firebase-admin/lib/firebase-namespace.js:409:30)
    at Proxy.<anonymous> (/Users/alanhutcheson/.config/yarn/global/node_modules/firebase-tools/lib/emulator/functionsEmulatorRuntime.js:337:72)
    at Object.<anonymous> (/Users/alanhutcheson/Documents/www/personal-projects/phone-a-friend/functions/src/config/index.js:3:7)
    at Module._compile (internal/modules/cjs/loader.js:1139:30)
    at Object.Module._extensions..js (internal/modules/cjs/loader.js:1159:10)
    at Module.load (internal/modules/cjs/loader.js:988:32)
[warn] ⚠  We were unable to load your functions code. (see above)
[debug] [2020-04-02T21:25:50.809Z] [worker-~diagnostic~-f2045f81-2c0a-4575-8209-6df03a446269]: exited
[debug] [2020-04-02T21:25:50.809Z] [worker-~diagnostic~-f2045f81-2c0a-4575-8209-6df03a446269]: FINISHED
[debug] [2020-04-02T21:26:00.120Z] File /Users/alanhutcheson/Documents/www/personal-projects/phone-a-friend/functions/index.js changed, reloading triggers
[debug] [2020-04-02T21:26:00.219Z] File /Users/alanhutcheson/Documents/www/personal-projects/phone-a-friend/functions/index.js changed, reloading triggers
[debug] [2020-04-02T21:26:01.226Z] [worker-pool] Cleaned up workers for ~diagnostic~: 1 --> 0
[debug] [2020-04-02T21:26:01.230Z] [worker-pool] addWorker(~diagnostic~)
[debug] [2020-04-02T21:26:01.230Z] [worker-pool] Adding worker with key ~diagnostic~, total=1
[debug] [2020-04-02T21:26:01.230Z] [worker-pool] submitWork(triggerId=)
[debug] [2020-04-02T21:26:01.231Z] [worker-~diagnostic~-db781fea-aad4-4229-b0a2-01a7155edd5d]: Assigning socketPath: /var/folders/t3/bmh25dvj5t98k81l11ycqwy80000gn/T/fire_emu_19523.sock
[debug] [2020-04-02T21:26:01.231Z] [worker-~diagnostic~-db781fea-aad4-4229-b0a2-01a7155edd5d]: BUSY
[debug] [2020-04-02T21:26:01.950Z] [runtime-status] [19523] Functions runtime initialized. {"cwd":"/Users/alanhutcheson/Documents/www/personal-projects/phone-a-friend/functions","node_version":"13.5.0"}
[debug] [2020-04-02T21:26:01.951Z] [runtime-status] [19523] Disabled runtime features: undefined
[debug] [2020-04-02T21:26:01.953Z] [runtime-status] [19523] Resolved module firebase-admin {"declared":true,"installed":true,"version":"8.10.0","resolution":"/Users/alanhutcheson/Documents/www/personal-projects/phone-a-friend/functions/node_modules/firebase-admin/lib/index.js"}
[debug] [2020-04-02T21:26:01.954Z] [runtime-status] [19523] Resolved module firebase-functions {"declared":true,"installed":true,"version":"3.6.0","resolution":"/Users/alanhutcheson/Documents/www/personal-projects/phone-a-friend/functions/node_modules/firebase-functions/lib/index.js"}
[debug] [2020-04-02T21:26:02.104Z] [runtime-status] [19523] Found google-gax at /Users/alanhutcheson/Documents/www/personal-projects/phone-a-friend/functions/node_modules/google-gax/build/src/index.js
[debug] [2020-04-02T21:26:02.104Z] [runtime-status] [19523] Outgoing network have been stubbed. [{"name":"http","status":"mocked"},{"name":"http","status":"mocked"},{"name":"https","status":"mocked"},{"name":"https","status":"mocked"},{"name":"net","status":"mocked"},{"name":"google-gax","status":"mocked"}]
[debug] [2020-04-02T21:26:02.133Z] [runtime-status] [19523] Checked functions.config() {"config":{}}
[debug] [2020-04-02T21:26:02.134Z] [runtime-status] [19523] Resolved module firebase-functions {"declared":true,"installed":true,"version":"3.6.0","resolution":"/Users/alanhutcheson/Documents/www/personal-projects/phone-a-friend/functions/node_modules/firebase-functions/lib/index.js"}
[debug] [2020-04-02T21:26:02.134Z] [runtime-status] [19523] Resolved module firebase-admin {"declared":true,"installed":true,"version":"8.10.0","resolution":"/Users/alanhutcheson/Documents/www/personal-projects/phone-a-friend/functions/node_modules/firebase-admin/lib/index.js"}
[debug] [2020-04-02T21:26:02.135Z] [runtime-status] [19523] Resolved module firebase-functions {"declared":true,"installed":true,"version":"3.6.0","resolution":"/Users/alanhutcheson/Documents/www/personal-projects/phone-a-friend/functions/node_modules/firebase-functions/lib/index.js"}
[debug] [2020-04-02T21:26:02.172Z] [runtime-status] [19523] firebase-admin has been stubbed. {"adminResolution":{"declared":true,"installed":true,"version":"8.10.0","resolution":"/Users/alanhutcheson/Documents/www/personal-projects/phone-a-friend/functions/node_modules/firebase-admin/lib/index.js"}}
[debug] [2020-04-02T21:26:02.173Z] [runtime-status] [19523] initializeApp(DEFAULT) {"databaseURL":"https://phoneafriend-dev.firebaseio.com","storageBucket":"phoneafriend-dev.appspot.com","projectId":"phoneafriend-dev"}
[warn] ⚠  functions: The Cloud Firestore emulator is not running, so calls to Firestore will affect production.
[info] ✔  functions[updateUserAvailability]: http function initialized (http://localhost:5001/phoneafriend-dev/us-central1/updateUserAvailability).
[info] ✔  functions[matchMeAirTable]: http function initialized (http://localhost:5001/phoneafriend-dev/us-central1/matchMeAirTable).
[info] ✔  functions[matchMeNow]: http function initialized (http://localhost:5001/phoneafriend-dev/us-central1/matchMeNow).
[debug] [2020-04-02T21:26:02.208Z] [worker-~diagnostic~-db781fea-aad4-4229-b0a2-01a7155edd5d]: IDLE
[debug] [2020-04-02T21:27:27.186Z] ----------------------------------------------------------------------
[debug] [2020-04-02T21:27:27.187Z] Command:       /Users/alanhutcheson/.nvm/versions/node/v13.5.0/bin/node /Users/alanhutcheson/.config/yarn/global/node_modules/.bin/firebase emulators:start --only functions
[debug] [2020-04-02T21:27:27.187Z] CLI Version:   7.12.1
[debug] [2020-04-02T21:27:27.188Z] Platform:      darwin
[debug] [2020-04-02T21:27:27.188Z] Node Version:  v13.5.0
[debug] [2020-04-02T21:27:27.188Z] Time:          Thu Apr 02 2020 22:27:27 GMT+0100 (British Summer Time)
[debug] [2020-04-02T21:27:27.188Z] ----------------------------------------------------------------------
[debug] [2020-04-02T21:27:27.188Z] 
[debug] [2020-04-02T21:27:27.195Z] > command requires scopes: ["email","openid","https://www.googleapis.com/auth/cloudplatformprojects.readonly","https://www.googleapis.com/auth/firebase","https://www.googleapis.com/auth/cloud-platform"]
[debug] [2020-04-02T21:27:27.196Z] > authorizing via signed-in user
[info] i  emulators: Starting emulators: functions
[warn] ⚠  Your requested "node" version "8" doesn't match your global version "13"
[info] ✔  functions: Emulator started at http://localhost:5001
[info] i  functions: Watching "/Users/alanhutcheson/Documents/www/personal-projects/phone-a-friend/functions" for Cloud Functions...
[debug] [2020-04-02T21:27:27.480Z] [worker-pool] addWorker(~diagnostic~)
[debug] [2020-04-02T21:27:27.480Z] [worker-pool] Adding worker with key ~diagnostic~, total=1
[debug] [2020-04-02T21:27:27.480Z] [worker-pool] submitWork(triggerId=)
[debug] [2020-04-02T21:27:27.481Z] [worker-~diagnostic~-ca8cd5b2-9645-49f0-9ea5-5571bc92ef31]: Assigning socketPath: /var/folders/t3/bmh25dvj5t98k81l11ycqwy80000gn/T/fire_emu_20244.sock
[debug] [2020-04-02T21:27:27.481Z] [worker-~diagnostic~-ca8cd5b2-9645-49f0-9ea5-5571bc92ef31]: BUSY
[debug] [2020-04-02T21:27:28.155Z] [runtime-status] [20244] Functions runtime initialized. {"cwd":"/Users/alanhutcheson/Documents/www/personal-projects/phone-a-friend/functions","node_version":"13.5.0"}
[debug] [2020-04-02T21:27:28.155Z] [runtime-status] [20244] Disabled runtime features: undefined
[debug] [2020-04-02T21:27:28.157Z] [runtime-status] [20244] Resolved module firebase-admin {"declared":true,"installed":true,"version":"8.10.0","resolution":"/Users/alanhutcheson/Documents/www/personal-projects/phone-a-friend/functions/node_modules/firebase-admin/lib/index.js"}
[debug] [2020-04-02T21:27:28.158Z] [runtime-status] [20244] Resolved module firebase-functions {"declared":true,"installed":true,"version":"3.6.0","resolution":"/Users/alanhutcheson/Documents/www/personal-projects/phone-a-friend/functions/node_modules/firebase-functions/lib/index.js"}
[debug] [2020-04-02T21:27:28.308Z] [runtime-status] [20244] Found google-gax at /Users/alanhutcheson/Documents/www/personal-projects/phone-a-friend/functions/node_modules/google-gax/build/src/index.js
[debug] [2020-04-02T21:27:28.308Z] [runtime-status] [20244] Outgoing network have been stubbed. [{"name":"http","status":"mocked"},{"name":"http","status":"mocked"},{"name":"https","status":"mocked"},{"name":"https","status":"mocked"},{"name":"net","status":"mocked"},{"name":"google-gax","status":"mocked"}]
[debug] [2020-04-02T21:27:28.336Z] [runtime-status] [20244] Checked functions.config() {"config":{}}
[debug] [2020-04-02T21:27:28.337Z] [runtime-status] [20244] Resolved module firebase-functions {"declared":true,"installed":true,"version":"3.6.0","resolution":"/Users/alanhutcheson/Documents/www/personal-projects/phone-a-friend/functions/node_modules/firebase-functions/lib/index.js"}
[debug] [2020-04-02T21:27:28.337Z] [runtime-status] [20244] Resolved module firebase-admin {"declared":true,"installed":true,"version":"8.10.0","resolution":"/Users/alanhutcheson/Documents/www/personal-projects/phone-a-friend/functions/node_modules/firebase-admin/lib/index.js"}
[debug] [2020-04-02T21:27:28.338Z] [runtime-status] [20244] Resolved module firebase-functions {"declared":true,"installed":true,"version":"3.6.0","resolution":"/Users/alanhutcheson/Documents/www/personal-projects/phone-a-friend/functions/node_modules/firebase-functions/lib/index.js"}
[debug] [2020-04-02T21:27:28.379Z] [runtime-status] [20244] firebase-admin has been stubbed. {"adminResolution":{"declared":true,"installed":true,"version":"8.10.0","resolution":"/Users/alanhutcheson/Documents/www/personal-projects/phone-a-friend/functions/node_modules/firebase-admin/lib/index.js"}}
[debug] [2020-04-02T21:27:28.380Z] [runtime-status] [20244] initializeApp(DEFAULT) {"databaseURL":"https://phoneafriend-dev.firebaseio.com","storageBucket":"phoneafriend-dev.appspot.com","projectId":"phoneafriend-dev"}
[warn] ⚠  functions: The Cloud Firestore emulator is not running, so calls to Firestore will affect production.
[info] ✔  functions[updateUserAvailability]: http function initialized (http://localhost:5001/phoneafriend-dev/us-central1/updateUserAvailability).
[info] ✔  functions[matchMeAirTable]: http function initialized (http://localhost:5001/phoneafriend-dev/us-central1/matchMeAirTable).
[info] ✔  functions[matchMeNow]: http function initialized (http://localhost:5001/phoneafriend-dev/us-central1/matchMeNow).
[info] ✔  All emulators started, it is now safe to connect.
[debug] [2020-04-02T21:27:28.415Z] [worker-~diagnostic~-ca8cd5b2-9645-49f0-9ea5-5571bc92ef31]: IDLE
[debug] [2020-04-02T21:27:38.386Z] [work-queue] {"queueLength":1,"workRunningCount":0}
[debug] [2020-04-02T21:27:38.386Z] [work-queue] {"queueLength":0,"workRunningCount":1}
[debug] [2020-04-02T21:27:38.386Z] Accepted request POST /phoneafriend-dev/us-central1/matchMeNow --> matchMeNow
[debug] [2020-04-02T21:27:38.391Z] [worker-pool] addWorker(matchMeNow)
[debug] [2020-04-02T21:27:38.391Z] [worker-pool] Adding worker with key matchMeNow, total=1
[debug] [2020-04-02T21:27:38.391Z] [worker-pool] submitWork(triggerId=matchMeNow)
[debug] [2020-04-02T21:27:38.391Z] [worker-matchMeNow-70c438c1-e1e0-47cc-bb4f-0dc41bb9f3ae]: Assigning socketPath: /var/folders/t3/bmh25dvj5t98k81l11ycqwy80000gn/T/fire_emu_20296.sock
[debug] [2020-04-02T21:27:38.391Z] [worker-matchMeNow-70c438c1-e1e0-47cc-bb4f-0dc41bb9f3ae]: BUSY
[debug] [2020-04-02T21:27:39.070Z] [runtime-status] [20296] Functions runtime initialized. {"cwd":"/Users/alanhutcheson/Documents/www/personal-projects/phone-a-friend/functions","node_version":"13.5.0"}
[debug] [2020-04-02T21:27:39.071Z] [runtime-status] [20296] Disabled runtime features: undefined
[debug] [2020-04-02T21:27:39.072Z] [runtime-status] [20296] Resolved module firebase-admin {"declared":true,"installed":true,"version":"8.10.0","resolution":"/Users/alanhutcheson/Documents/www/personal-projects/phone-a-friend/functions/node_modules/firebase-admin/lib/index.js"}
[debug] [2020-04-02T21:27:39.073Z] [runtime-status] [20296] Resolved module firebase-functions {"declared":true,"installed":true,"version":"3.6.0","resolution":"/Users/alanhutcheson/Documents/www/personal-projects/phone-a-friend/functions/node_modules/firebase-functions/lib/index.js"}
[debug] [2020-04-02T21:27:39.218Z] [runtime-status] [20296] Found google-gax at /Users/alanhutcheson/Documents/www/personal-projects/phone-a-friend/functions/node_modules/google-gax/build/src/index.js
[debug] [2020-04-02T21:27:39.218Z] [runtime-status] [20296] Outgoing network have been stubbed. [{"name":"http","status":"mocked"},{"name":"http","status":"mocked"},{"name":"https","status":"mocked"},{"name":"https","status":"mocked"},{"name":"net","status":"mocked"},{"name":"google-gax","status":"mocked"}]
[debug] [2020-04-02T21:27:39.247Z] [runtime-status] [20296] Checked functions.config() {"config":{}}
[debug] [2020-04-02T21:27:39.247Z] [runtime-status] [20296] Resolved module firebase-functions {"declared":true,"installed":true,"version":"3.6.0","resolution":"/Users/alanhutcheson/Documents/www/personal-projects/phone-a-friend/functions/node_modules/firebase-functions/lib/index.js"}
[debug] [2020-04-02T21:27:39.248Z] [runtime-status] [20296] Resolved module firebase-admin {"declared":true,"installed":true,"version":"8.10.0","resolution":"/Users/alanhutcheson/Documents/www/personal-projects/phone-a-friend/functions/node_modules/firebase-admin/lib/index.js"}
[debug] [2020-04-02T21:27:39.248Z] [runtime-status] [20296] Resolved module firebase-functions {"declared":true,"installed":true,"version":"3.6.0","resolution":"/Users/alanhutcheson/Documents/www/personal-projects/phone-a-friend/functions/node_modules/firebase-functions/lib/index.js"}
[debug] [2020-04-02T21:27:39.286Z] [runtime-status] [20296] firebase-admin has been stubbed. {"adminResolution":{"declared":true,"installed":true,"version":"8.10.0","resolution":"/Users/alanhutcheson/Documents/www/personal-projects/phone-a-friend/functions/node_modules/firebase-admin/lib/index.js"}}
[debug] [2020-04-02T21:27:39.287Z] [runtime-status] [20296] initializeApp(DEFAULT) {"databaseURL":"https://phoneafriend-dev.firebaseio.com","storageBucket":"phoneafriend-dev.appspot.com","projectId":"phoneafriend-dev"}
[warn] ⚠  functions: The Cloud Firestore emulator is not running, so calls to Firestore will affect production.
[debug] [2020-04-02T21:27:39.322Z] [runtime-status] [20296] Trigger "matchMeNow" has been found, beginning invocation!
[info] i  functions: Beginning execution of "matchMeNow"
[debug] [2020-04-02T21:27:39.322Z] [runtime-status] [20296] triggerDefinition {"httpsTrigger":{},"name":"matchMeNow","entryPoint":"matchMeNow"}
[debug] [2020-04-02T21:27:39.322Z] [runtime-status] [20296] Running matchMeNow in mode HTTPS
[debug] [2020-04-02T21:27:39.335Z] [runtime-status] [20296] Attempting to listen to socketPath: /var/folders/t3/bmh25dvj5t98k81l11ycqwy80000gn/T/fire_emu_20296.sock
[debug] [2020-04-02T21:27:39.337Z] [functions] Runtime ready! Sending request!
[debug] [2020-04-02T21:27:39.349Z] [runtime-status] [20296] Ephemeral server handling POST request
[info] >  { userID: 'aPQVTRPlHeuljK4evFSv' }
[info] >  aPQVTRPlHeuljK4evFSv
[debug] [2020-04-02T21:27:39.352Z] [runtime-status] [20296] Ephemeral server survived.
[warn] ⚠  External network resource requested!
   - URL: "http://169.254.169.254/computeMetadata/v1/instance"
 - Be careful, this may be a production service.
[warn] ⚠  External network resource requested!
   - URL: "http://metadata.google.internal./computeMetadata/v1/instance"
 - Be careful, this may be a production service.
[info] >  Hit an unexpected error when trying to find a match Error: Could not load the default credentials. Browse to https://cloud.google.com/docs/authentication/getting-started for more information.
[info] >      at GoogleAuth.getApplicationDefaultAsync (/Users/alanhutcheson/Documents/www/personal-projects/phone-a-friend/functions/node_modules/google-auth-library/build/src/auth/googleauth.js:160:19)
[info] >      at processTicksAndRejections (internal/process/task_queues.js:97:5)
[info] >      at async GoogleAuth.getClient (/Users/alanhutcheson/Documents/www/personal-projects/phone-a-friend/functions/node_modules/google-auth-library/build/src/auth/googleauth.js:502:17)
[info] >      at async GrpcClient._getCredentials (/Users/alanhutcheson/Documents/www/personal-projects/phone-a-friend/functions/node_modules/google-gax/build/src/grpc.js:92:24)
[info] >      at async GrpcClient.createStub (/Users/alanhutcheson/Documents/www/personal-projects/phone-a-friend/functions/node_modules/google-gax/build/src/grpc.js:213:23)
[info] i  functions: Finished "matchMeNow" in ~7s
[debug] [2020-04-02T21:27:47.057Z] [worker-matchMeNow-70c438c1-e1e0-47cc-bb4f-0dc41bb9f3ae]: IDLE
[debug] [2020-04-02T21:27:47.057Z] [work-queue] {"queueLength":0,"workRunningCount":0}
[debug] [2020-04-02T21:28:49.656Z] [work-queue] {"queueLength":1,"workRunningCount":0}
[debug] [2020-04-02T21:28:49.656Z] [work-queue] {"queueLength":0,"workRunningCount":1}
[debug] [2020-04-02T21:28:49.656Z] Accepted request POST /phoneafriend-dev/us-central1/matchMeNow --> matchMeNow
[debug] [2020-04-02T21:28:49.657Z] [worker-pool] submitWork(triggerId=matchMeNow)
[debug] [2020-04-02T21:28:49.657Z] [worker-matchMeNow-70c438c1-e1e0-47cc-bb4f-0dc41bb9f3ae]: Assigning socketPath: /var/folders/t3/bmh25dvj5t98k81l11ycqwy80000gn/T/fire_emu_20296.sock
[debug] [2020-04-02T21:28:49.657Z] [worker-matchMeNow-70c438c1-e1e0-47cc-bb4f-0dc41bb9f3ae]: BUSY
[debug] [2020-04-02T21:28:49.657Z] [runtime-status] [20296] Trigger "matchMeNow" has been found, beginning invocation!
[info] i  functions: Beginning execution of "matchMeNow"
[debug] [2020-04-02T21:28:49.658Z] [runtime-status] [20296] triggerDefinition {"httpsTrigger":{},"name":"matchMeNow","entryPoint":"matchMeNow"}
[debug] [2020-04-02T21:28:49.658Z] [runtime-status] [20296] Running matchMeNow in mode HTTPS
[debug] [2020-04-02T21:28:49.658Z] [runtime-status] [20296] Attempting to listen to socketPath: /var/folders/t3/bmh25dvj5t98k81l11ycqwy80000gn/T/fire_emu_20296.sock
[debug] [2020-04-02T21:28:49.659Z] [functions] Runtime ready! Sending request!
[debug] [2020-04-02T21:28:49.662Z] [runtime-status] [20296] Ephemeral server handling POST request
[info] >  { userID: 'aPQVTRPlHeuljK4evFSv' }
[info] >  aPQVTRPlHeuljK4evFSv
[debug] [2020-04-02T21:28:49.662Z] [runtime-status] [20296] Ephemeral server survived.
[info] >  Hit an unexpected error when trying to find a match Error: Could not load the default credentials. Browse to https://cloud.google.com/docs/authentication/getting-started for more information.
[info] >      at GoogleAuth.getApplicationDefaultAsync (/Users/alanhutcheson/Documents/www/personal-projects/phone-a-friend/functions/node_modules/google-auth-library/build/src/auth/googleauth.js:160:19)
[info] >      at processTicksAndRejections (internal/process/task_queues.js:97:5)
[info] >      at async GoogleAuth.getClient (/Users/alanhutcheson/Documents/www/personal-projects/phone-a-friend/functions/node_modules/google-auth-library/build/src/auth/googleauth.js:502:17)
[info] >      at async GrpcClient._getCredentials (/Users/alanhutcheson/Documents/www/personal-projects/phone-a-friend/functions/node_modules/google-gax/build/src/grpc.js:92:24)
[info] >      at async GrpcClient.createStub (/Users/alanhutcheson/Documents/www/personal-projects/phone-a-friend/functions/node_modules/google-gax/build/src/grpc.js:213:23)
[info] i  functions: Finished "matchMeNow" in ~8s
[debug] [2020-04-02T21:28:58.207Z] [worker-matchMeNow-70c438c1-e1e0-47cc-bb4f-0dc41bb9f3ae]: IDLE
[debug] [2020-04-02T21:28:58.207Z] [work-queue] {"queueLength":0,"workRunningCount":0}
